C:\Users\young\source\repos\KataBabySitter\KataBabySitter_UI\KataBabySitter_UI\dist\out-tsc\e2e\src\app.po.js
C:\Users\young\source\repos\KataBabySitter\KataBabySitter_UI\KataBabySitter_UI\dist\out-tsc\e2e\src\app.po.js.map
C:\Users\young\source\repos\KataBabySitter\KataBabySitter_UI\KataBabySitter_UI\dist\out-tsc\e2e\src\app.e2e-spec.js
C:\Users\young\source\repos\KataBabySitter\KataBabySitter_UI\KataBabySitter_UI\dist\out-tsc\e2e\src\app.e2e-spec.js.map
C:\Users\young\source\repos\KataBabySitter\KataBabySitter_UI\KataBabySitter_UI\dist\out-tsc\src\app\models\work-time.js
C:\Users\young\source\repos\KataBabySitter\KataBabySitter_UI\KataBabySitter_UI\dist\out-tsc\src\app\models\work-time.js.map
C:\Users\young\source\repos\KataBabySitter\KataBabySitter_UI\KataBabySitter_UI\dist\out-tsc\src\app\services\api.service.js
C:\Users\young\source\repos\KataBabySitter\KataBabySitter_UI\KataBabySitter_UI\dist\out-tsc\src\app\services\api.service.js.map
C:\Users\young\source\repos\KataBabySitter\KataBabySitter_UI\KataBabySitter_UI\dist\out-tsc\src\app\home\home.component.js
C:\Users\young\source\repos\KataBabySitter\KataBabySitter_UI\KataBabySitter_UI\dist\out-tsc\src\app\home\home.component.js.map
C:\Users\young\source\repos\KataBabySitter\KataBabySitter_UI\KataBabySitter_UI\dist\out-tsc\src\app\app-routing.module.js
C:\Users\young\source\repos\KataBabySitter\KataBabySitter_UI\KataBabySitter_UI\dist\out-tsc\src\app\app-routing.module.js.map
C:\Users\young\source\repos\KataBabySitter\KataBabySitter_UI\KataBabySitter_UI\dist\out-tsc\src\app\app.component.js
C:\Users\young\source\repos\KataBabySitter\KataBabySitter_UI\KataBabySitter_UI\dist\out-tsc\src\app\app.component.js.map
C:\Users\young\source\repos\KataBabySitter\KataBabySitter_UI\KataBabySitter_UI\dist\out-tsc\src\app\header\header.component.js
C:\Users\young\source\repos\KataBabySitter\KataBabySitter_UI\KataBabySitter_UI\dist\out-tsc\src\app\header\header.component.js.map
C:\Users\young\source\repos\KataBabySitter\KataBabySitter_UI\KataBabySitter_UI\dist\out-tsc\src\app\app.module.js
C:\Users\young\source\repos\KataBabySitter\KataBabySitter_UI\KataBabySitter_UI\dist\out-tsc\src\app\app.module.js.map
C:\Users\young\source\repos\KataBabySitter\KataBabySitter_UI\KataBabySitter_UI\dist\out-tsc\src\environments\environment.js
C:\Users\young\source\repos\KataBabySitter\KataBabySitter_UI\KataBabySitter_UI\dist\out-tsc\src\environments\environment.js.map
C:\Users\young\source\repos\KataBabySitter\KataBabySitter_UI\KataBabySitter_UI\dist\out-tsc\src\main.js
C:\Users\young\source\repos\KataBabySitter\KataBabySitter_UI\KataBabySitter_UI\dist\out-tsc\src\main.js.map
C:\Users\young\source\repos\KataBabySitter\KataBabySitter_UI\KataBabySitter_UI\dist\out-tsc\src\polyfills.js
C:\Users\young\source\repos\KataBabySitter\KataBabySitter_UI\KataBabySitter_UI\dist\out-tsc\src\polyfills.js.map
C:\Users\young\source\repos\KataBabySitter\KataBabySitter_UI\KataBabySitter_UI\dist\out-tsc\src\test.js
C:\Users\young\source\repos\KataBabySitter\KataBabySitter_UI\KataBabySitter_UI\dist\out-tsc\src\test.js.map
C:\Users\young\source\repos\KataBabySitter\KataBabySitter_UI\KataBabySitter_UI\dist\out-tsc\src\app\app.component.spec.js
C:\Users\young\source\repos\KataBabySitter\KataBabySitter_UI\KataBabySitter_UI\dist\out-tsc\src\app\app.component.spec.js.map
C:\Users\young\source\repos\KataBabySitter\KataBabySitter_UI\KataBabySitter_UI\dist\out-tsc\src\environments\environment.prod.js
C:\Users\young\source\repos\KataBabySitter\KataBabySitter_UI\KataBabySitter_UI\dist\out-tsc\src\environments\environment.prod.js.map
